[0] Starting GueMUD...
[0] Starting GueMUD...
[0] t
[0] r
[0] Starting GueMUD...
[0] *
[0] Starting GueMUD...
[0] 
[0] Starting GueMUD...
[Mon Jul  2 23:40:32 2018
] Starting GueMUD...
[07/02/18 - 23:47:49] Starting GueMUD...
[07/02/18 - 23:47:56] t
[07/02/18 - 23:50:50] Starting GueMUD...
[07/02/18 - 23:52:00] Starting GueMUD...
[07/02/18 - 23:52:02] New connection 
[07/02/18 - 23:52:13] Starting GueMUD...
[07/02/18 - 23:52:46] Starting GueMUD...
[07/02/18 - 23:52:50] New connection 288
[07/02/18 - 23:54:05] Starting GueMUD...
[07/02/18 - 23:54:08] New connection 288
[07/02/18 - 23:54:32] Starting GueMUD...
[07/02/18 - 23:54:36] New connection 312
[07/02/18 - 23:54:45] Signal 2 (SIGINT) received.
[07/02/18 - 23:54:45] Shutting down...
[07/02/18 - 23:54:45] Exited
